{"G:\\Manasa2023\\Namaste JS Real\\Reactnotes\\src\\components\\sum.js": {"path":"G:\\Manasa2023\\Namaste JS Real\\Reactnotes\\src\\components\\sum.js","statementMap":{"0":{"start":{"line":1,"column":21},"end":{"line":3,"column":1}},"1":{"start":{"line":2,"column":2},"end":{"line":2,"column":15}}},"fnMap":{"0":{"name":"(anonymous_0)","decl":{"start":{"line":1,"column":21},"end":{"line":1,"column":22}},"loc":{"start":{"line":1,"column":31},"end":{"line":3,"column":1}},"line":1}},"branchMap":{},"s":{"0":1,"1":1},"f":{"0":1},"b":{},"_coverageSchema":"1a1c01bbd47fc00a2c39e90264f33305004495a9","hash":"9803f8145fe507b0f9ebd665c8ae66a189d2cad8"}
}
